# JRE version: Java(TM) SE Runtime Environment (8.0_60-b27) (build 1.8.0_60-b27)
# Java VM: Java HotSpot(TM) 64-Bit Server VM (25.60-b23 mixed mode linux-amd64 compressed oops)
Heap:
 PSYoungGen      total 557056K, used 63040K [0x00000000d5580000, 0x00000000fc300000, 0x0000000100000000)
  eden space 477696K, 0% used [0x00000000d5580000,0x00000000d5580000,0x00000000f2800000)
  from space 79360K, 79% used [0x00000000f7580000,0x00000000fb310020,0x00000000fc300000)
  to   space 13824K, 0% used [0x00000000f3780000,0x00000000f3780000,0x00000000f4500000)
 ParOldGen       total 699392K, used 317548K [0x0000000080000000, 0x00000000aab00000, 0x00000000d5580000)
  object space 699392K, 45% used [0x0000000080000000,0x000000009361b2f8,0x00000000aab00000)
 Metaspace       used 20182K, capacity 20738K, committed 20864K, reserved 1067008K
  class space    used 2197K, capacity 2307K, committed 2432K, reserved 1048576K
GC Heap History (10 events):
Event: 74.156 GC heap after
Heap after GC invocations=19 (full 0):
 PSYoungGen      total 592384K, used 21781K [0x00000000d5580000, 0x00000000ffc00000, 0x0000000100000000)
  eden space 495616K, 0% used [0x00000000d5580000,0x00000000d5580000,0x00000000f3980000)
  from space 96768K, 22% used [0x00000000f3980000,0x00000000f4ec55b0,0x00000000f9800000)
  to   space 92160K, 0% used [0x00000000fa200000,0x00000000fa200000,0x00000000ffc00000)
 ParOldGen       total 699392K, used 276220K [0x0000000080000000, 0x00000000aab00000, 0x00000000d5580000)
  object space 699392K, 39% used [0x0000000080000000,0x0000000090dbf380,0x00000000aab00000)
 Metaspace       used 19941K, capacity 20482K, committed 20608K, reserved 1067008K
  class space    used 2175K, capacity 2307K, committed 2432K, reserved 1048576K
}
Event: 103.525 GC heap before
{Heap before GC invocations=20 (full 0):
 PSYoungGen      total 592384K, used 517397K [0x00000000d5580000, 0x00000000ffc00000, 0x0000000100000000)
  eden space 495616K, 100% used [0x00000000d5580000,0x00000000f3980000,0x00000000f3980000)
  from space 96768K, 22% used [0x00000000f3980000,0x00000000f4ec55b0,0x00000000f9800000)
  to   space 92160K, 0% used [0x00000000fa200000,0x00000000fa200000,0x00000000ffc00000)
 ParOldGen       total 699392K, used 276220K [0x0000000080000000, 0x00000000aab00000, 0x00000000d5580000)
  object space 699392K, 39% used [0x0000000080000000,0x0000000090dbf380,0x00000000aab00000)
 Metaspace       used 19958K, capacity 20482K, committed 20608K, reserved 1067008K
  class space    used 2176K, capacity 2307K, committed 2432K, reserved 1048576K
Event: 103.601 GC heap after
Heap after GC invocations=20 (full 0):
 PSYoungGen      total 591360K, used 24053K [0x00000000d5580000, 0x00000000ff180000, 0x0000000100000000)
  eden space 509952K, 0% used [0x00000000d5580000,0x00000000d5580000,0x00000000f4780000)
  from space 81408K, 29% used [0x00000000fa200000,0x00000000fb97d488,0x00000000ff180000)
  to   space 87040K, 0% used [0x00000000f4780000,0x00000000f4780000,0x00000000f9c80000)
 ParOldGen       total 699392K, used 295044K [0x0000000080000000, 0x00000000aab00000, 0x00000000d5580000)
  object space 699392K, 42% used [0x0000000080000000,0x0000000092021380,0x00000000aab00000)
 Metaspace       used 19958K, capacity 20482K, committed 20608K, reserved 1067008K
  class space    used 2176K, capacity 2307K, committed 2432K, reserved 1048576K
}
Event: 215.061 GC heap before
{Heap before GC invocations=21 (full 0):
 PSYoungGen      total 591360K, used 534005K [0x00000000d5580000, 0x00000000ff180000, 0x0000000100000000)
  eden space 509952K, 100% used [0x00000000d5580000,0x00000000f4780000,0x00000000f4780000)
  from space 81408K, 29% used [0x00000000fa200000,0x00000000fb97d488,0x00000000ff180000)
  to   space 87040K, 0% used [0x00000000f4780000,0x00000000f4780000,0x00000000f9c80000)
 ParOldGen       total 699392K, used 295044K [0x0000000080000000, 0x00000000aab00000, 0x00000000d5580000)
  object space 699392K, 42% used [0x0000000080000000,0x0000000092021380,0x00000000aab00000)
 Metaspace       used 19964K, capacity 20482K, committed 20608K, reserved 1067008K
  class space    used 2176K, capacity 2307K, committed 2432K, reserved 1048576K
Event: 215.148 GC heap after
Heap after GC invocations=21 (full 0):
 PSYoungGen      total 596992K, used 37729K [0x00000000d5580000, 0x00000000fff80000, 0x0000000100000000)
  eden space 509952K, 0% used [0x00000000d5580000,0x00000000d5580000,0x00000000f4780000)
  from space 87040K, 43% used [0x00000000f4780000,0x00000000f6c58588,0x00000000f9c80000)
  to   space 83968K, 0% used [0x00000000fad80000,0x00000000fad80000,0x00000000fff80000)
 ParOldGen       total 699392K, used 303868K [0x0000000080000000, 0x00000000aab00000, 0x00000000d5580000)
  object space 699392K, 43% used [0x0000000080000000,0x00000000928bf390,0x00000000aab00000)
 Metaspace       used 19964K, capacity 20482K, committed 20608K, reserved 1067008K
  class space    used 2176K, capacity 2307K, committed 2432K, reserved 1048576K
}
Event: 273.262 GC heap before
{Heap before GC invocations=22 (full 0):
 PSYoungGen      total 596992K, used 547681K [0x00000000d5580000, 0x00000000fff80000, 0x0000000100000000)
  eden space 509952K, 100% used [0x00000000d5580000,0x00000000f4780000,0x00000000f4780000)
  from space 87040K, 43% used [0x00000000f4780000,0x00000000f6c58588,0x00000000f9c80000)
  to   space 83968K, 0% used [0x00000000fad80000,0x00000000fad80000,0x00000000fff80000)
 ParOldGen       total 699392K, used 303868K [0x0000000080000000, 0x00000000aab00000, 0x00000000d5580000)
  object space 699392K, 43% used [0x0000000080000000,0x00000000928bf390,0x00000000aab00000)
 Metaspace       used 19970K, capacity 20482K, committed 20608K, reserved 1067008K
  class space    used 2176K, capacity 2307K, committed 2432K, reserved 1048576K
Event: 273.314 GC heap after
Heap after GC invocations=22 (full 0):
 PSYoungGen      total 536576K, used 12873K [0x00000000d5580000, 0x00000000fd780000, 0x0000000100000000)
  eden space 493568K, 0% used [0x00000000d5580000,0x00000000d5580000,0x00000000f3780000)
  from space 43008K, 29% used [0x00000000fad80000,0x00000000fba125c0,0x00000000fd780000)
  to   space 81920K, 0% used [0x00000000f3780000,0x00000000f3780000,0x00000000f8780000)
 ParOldGen       total 699392K, used 304884K [0x0000000080000000, 0x00000000aab00000, 0x00000000d5580000)
  object space 699392K, 43% used [0x0000000080000000,0x00000000929bd390,0x00000000aab00000)
 Metaspace       used 19970K, capacity 20482K, committed 20608K, reserved 1067008K
  class space    used 2176K, capacity 2307K, committed 2432K, reserved 1048576K
}
Event: 390.561 GC heap before
{Heap before GC invocations=23 (full 0):
 PSYoungGen      total 536576K, used 506441K [0x00000000d5580000, 0x00000000fd780000, 0x0000000100000000)
  eden space 493568K, 100% used [0x00000000d5580000,0x00000000f3780000,0x00000000f3780000)
  from space 43008K, 29% used [0x00000000fad80000,0x00000000fba125c0,0x00000000fd780000)
  to   space 81920K, 0% used [0x00000000f3780000,0x00000000f3780000,0x00000000f8780000)
 ParOldGen       total 699392K, used 304884K [0x0000000080000000, 0x00000000aab00000, 0x00000000d5580000)
  object space 699392K, 43% used [0x0000000080000000,0x00000000929bd390,0x00000000aab00000)
 Metaspace       used 20174K, capacity 20738K, committed 20864K, reserved 1067008K
  class space    used 2197K, capacity 2307K, committed 2432K, reserved 1048576K
Event: 390.630 GC heap after
Heap after GC invocations=23 (full 0):
 PSYoungGen      total 491520K, used 13446K [0x00000000d5580000, 0x00000000fc300000, 0x0000000100000000)
  eden space 477696K, 0% used [0x00000000d5580000,0x00000000d5580000,0x00000000f2800000)
  from space 13824K, 97% used [0x00000000f3780000,0x00000000f44a1910,0x00000000f4500000)
  to   space 79360K, 0% used [0x00000000f7580000,0x00000000f7580000,0x00000000fc300000)
 ParOldGen       total 699392K, used 304900K [0x0000000080000000, 0x00000000aab00000, 0x00000000d5580000)
  object space 699392K, 43% used [0x0000000080000000,0x00000000929c1390,0x00000000aab00000)
 Metaspace       used 20174K, capacity 20738K, committed 20864K, reserved 1067008K
  class space    used 2197K, capacity 2307K, committed 2432K, reserved 1048576K
}
Event: 392.346 GC heap before
{Heap before GC invocations=24 (full 0):
 PSYoungGen      total 491520K, used 491142K [0x00000000d5580000, 0x00000000fc300000, 0x0000000100000000)
  eden space 477696K, 100% used [0x00000000d5580000,0x00000000f2800000,0x00000000f2800000)
  from space 13824K, 97% used [0x00000000f3780000,0x00000000f44a1910,0x00000000f4500000)
  to   space 79360K, 0% used [0x00000000f7580000,0x00000000f7580000,0x00000000fc300000)
 ParOldGen       total 699392K, used 304900K [0x0000000080000000, 0x00000000aab00000, 0x00000000d5580000)
  object space 699392K, 43% used [0x0000000080000000,0x00000000929c1390,0x00000000aab00000)
 Metaspace       used 20182K, capacity 20738K, committed 20864K, reserved 1067008K
  class space    used 2197K, capacity 2307K, committed 2432K, reserved 1048576K

