# JRE version: Java(TM) SE Runtime Environment (8.0_60-b27) (build 1.8.0_60-b27)
# Java VM: Java HotSpot(TM) 64-Bit Server VM (25.60-b23 mixed mode linux-amd64 compressed oops)
Heap:
 PSYoungGen      total 617472K, used 0K [0x00000000d5580000, 0x0000000100000000, 0x0000000100000000)
  eden space 536064K, 0% used [0x00000000d5580000,0x00000000d5580000,0x00000000f6100000)
  from space 81408K, 0% used [0x00000000f6100000,0x00000000f6100000,0x00000000fb080000)
  to   space 77824K, 0% used [0x00000000fb400000,0x00000000fb400000,0x0000000100000000)
 ParOldGen       total 834048K, used 310084K [0x0000000080000000, 0x00000000b2e80000, 0x00000000d5580000)
  object space 834048K, 37% used [0x0000000080000000,0x0000000092ed1390,0x00000000b2e80000)
 Metaspace       used 37823K, capacity 38778K, committed 39040K, reserved 1085440K
  class space    used 3737K, capacity 3933K, committed 3968K, reserved 1048576K
GC Heap History (10 events):
Event: 507.605 GC heap after
Heap after GC invocations=87 (full 2):
 PSYoungGen      total 611328K, used 25798K [0x00000000d5580000, 0x00000000ffb80000, 0x0000000100000000)
  eden space 542208K, 0% used [0x00000000d5580000,0x00000000d5580000,0x00000000f6700000)
  from space 69120K, 37% used [0x00000000f6700000,0x00000000f8031b60,0x00000000faa80000)
  to   space 69120K, 0% used [0x00000000fb800000,0x00000000fb800000,0x00000000ffb80000)
 ParOldGen       total 834048K, used 658927K [0x0000000080000000, 0x00000000b2e80000, 0x00000000d5580000)
  object space 834048K, 79% used [0x0000000080000000,0x00000000a837be40,0x00000000b2e80000)
 Metaspace       used 37769K, capacity 38714K, committed 38784K, reserved 1083392K
  class space    used 3737K, capacity 3933K, committed 3968K, reserved 1048576K
}
Event: 509.287 GC heap before
{Heap before GC invocations=88 (full 2):
 PSYoungGen      total 611328K, used 568006K [0x00000000d5580000, 0x00000000ffb80000, 0x0000000100000000)
  eden space 542208K, 100% used [0x00000000d5580000,0x00000000f6700000,0x00000000f6700000)
  from space 69120K, 37% used [0x00000000f6700000,0x00000000f8031b60,0x00000000faa80000)
  to   space 69120K, 0% used [0x00000000fb800000,0x00000000fb800000,0x00000000ffb80000)
 ParOldGen       total 834048K, used 658927K [0x0000000080000000, 0x00000000b2e80000, 0x00000000d5580000)
  object space 834048K, 79% used [0x0000000080000000,0x00000000a837be40,0x00000000b2e80000)
 Metaspace       used 37784K, capacity 38714K, committed 38784K, reserved 1083392K
  class space    used 3737K, capacity 3933K, committed 3968K, reserved 1048576K
Event: 509.408 GC heap after
Heap after GC invocations=88 (full 2):
 PSYoungGen      total 621568K, used 37040K [0x00000000d5580000, 0x0000000100000000, 0x0000000100000000)
  eden space 552448K, 0% used [0x00000000d5580000,0x00000000d5580000,0x00000000f7100000)
  from space 69120K, 53% used [0x00000000fb800000,0x00000000fdc2c098,0x00000000ffb80000)
  to   space 72704K, 0% used [0x00000000f7100000,0x00000000f7100000,0x00000000fb800000)
 ParOldGen       total 834048K, used 682873K [0x0000000080000000, 0x00000000b2e80000, 0x00000000d5580000)
  object space 834048K, 81% used [0x0000000080000000,0x00000000a9ade4d0,0x00000000b2e80000)
 Metaspace       used 37784K, capacity 38714K, committed 38784K, reserved 1083392K
  class space    used 3737K, capacity 3933K, committed 3968K, reserved 1048576K
}
Event: 511.400 GC heap before
{Heap before GC invocations=89 (full 2):
 PSYoungGen      total 621568K, used 589488K [0x00000000d5580000, 0x0000000100000000, 0x0000000100000000)
  eden space 552448K, 100% used [0x00000000d5580000,0x00000000f7100000,0x00000000f7100000)
  from space 69120K, 53% used [0x00000000fb800000,0x00000000fdc2c098,0x00000000ffb80000)
  to   space 72704K, 0% used [0x00000000f7100000,0x00000000f7100000,0x00000000fb800000)
 ParOldGen       total 834048K, used 682873K [0x0000000080000000, 0x00000000b2e80000, 0x00000000d5580000)
  object space 834048K, 81% used [0x0000000080000000,0x00000000a9ade4d0,0x00000000b2e80000)
 Metaspace       used 37785K, capacity 38714K, committed 38784K, reserved 1083392K
  class space    used 3737K, capacity 3933K, committed 3968K, reserved 1048576K
Event: 511.499 GC heap after
Heap after GC invocations=89 (full 2):
 PSYoungGen      total 625152K, used 3136K [0x00000000d5580000, 0x00000000ffb80000, 0x0000000100000000)
  eden space 552448K, 0% used [0x00000000d5580000,0x00000000d5580000,0x00000000f7100000)
  from space 72704K, 4% used [0x00000000f7100000,0x00000000f7410020,0x00000000fb800000)
  to   space 68608K, 0% used [0x00000000fb880000,0x00000000fb880000,0x00000000ffb80000)
 ParOldGen       total 834048K, used 716724K [0x0000000080000000, 0x00000000b2e80000, 0x00000000d5580000)
  object space 834048K, 85% used [0x0000000080000000,0x00000000abbed0b8,0x00000000b2e80000)
 Metaspace       used 37785K, capacity 38714K, committed 38784K, reserved 1083392K
  class space    used 3737K, capacity 3933K, committed 3968K, reserved 1048576K
}
Event: 512.885 GC heap before
{Heap before GC invocations=90 (full 2):
 PSYoungGen      total 625152K, used 555584K [0x00000000d5580000, 0x00000000ffb80000, 0x0000000100000000)
  eden space 552448K, 100% used [0x00000000d5580000,0x00000000f7100000,0x00000000f7100000)
  from space 72704K, 4% used [0x00000000f7100000,0x00000000f7410020,0x00000000fb800000)
  to   space 68608K, 0% used [0x00000000fb880000,0x00000000fb880000,0x00000000ffb80000)
 ParOldGen       total 834048K, used 716724K [0x0000000080000000, 0x00000000b2e80000, 0x00000000d5580000)
  object space 834048K, 85% used [0x0000000080000000,0x00000000abbed0b8,0x00000000b2e80000)
 Metaspace       used 37798K, capacity 38714K, committed 38784K, reserved 1083392K
  class space    used 3737K, capacity 3933K, committed 3968K, reserved 1048576K
Event: 512.980 GC heap after
Heap after GC invocations=90 (full 2):
 PSYoungGen      total 604672K, used 61984K [0x00000000d5580000, 0x0000000100000000, 0x0000000100000000)
  eden space 536064K, 0% used [0x00000000d5580000,0x00000000d5580000,0x00000000f6100000)
  from space 68608K, 90% used [0x00000000fb880000,0x00000000ff508020,0x00000000ffb80000)
  to   space 81408K, 0% used [0x00000000f6100000,0x00000000f6100000,0x00000000fb080000)
 ParOldGen       total 834048K, used 718988K [0x0000000080000000, 0x00000000b2e80000, 0x00000000d5580000)
  object space 834048K, 86% used [0x0000000080000000,0x00000000abe230b8,0x00000000b2e80000)
 Metaspace       used 37798K, capacity 38714K, committed 38784K, reserved 1083392K
  class space    used 3737K, capacity 3933K, committed 3968K, reserved 1048576K
}
Event: 515.784 GC heap before
{Heap before GC invocations=91 (full 2):
 PSYoungGen      total 604672K, used 598048K [0x00000000d5580000, 0x0000000100000000, 0x0000000100000000)
  eden space 536064K, 100% used [0x00000000d5580000,0x00000000f6100000,0x00000000f6100000)
  from space 68608K, 90% used [0x00000000fb880000,0x00000000ff508020,0x00000000ffb80000)
  to   space 81408K, 0% used [0x00000000f6100000,0x00000000f6100000,0x00000000fb080000)
 ParOldGen       total 834048K, used 718988K [0x0000000080000000, 0x00000000b2e80000, 0x00000000d5580000)
  object space 834048K, 86% used [0x0000000080000000,0x00000000abe230b8,0x00000000b2e80000)
 Metaspace       used 37823K, capacity 38778K, committed 39040K, reserved 1085440K
  class space    used 3737K, capacity 3933K, committed 3968K, reserved 1048576K
Event: 516.144 GC heap after
Heap after GC invocations=91 (full 2):
 PSYoungGen      total 617472K, used 25037K [0x00000000d5580000, 0x0000000100000000, 0x0000000100000000)
  eden space 536064K, 0% used [0x00000000d5580000,0x00000000d5580000,0x00000000f6100000)
  from space 81408K, 30% used [0x00000000f6100000,0x00000000f79737b0,0x00000000fb080000)
  to   space 77824K, 0% used [0x00000000fb400000,0x00000000fb400000,0x0000000100000000)
 ParOldGen       total 834048K, used 780417K [0x0000000080000000, 0x00000000b2e80000, 0x00000000d5580000)
  object space 834048K, 93% used [0x0000000080000000,0x00000000afa207a8,0x00000000b2e80000)
 Metaspace       used 37823K, capacity 38778K, committed 39040K, reserved 1085440K
  class space    used 3737K, capacity 3933K, committed 3968K, reserved 1048576K
}
Event: 516.185 GC heap before
{Heap before GC invocations=92 (full 3):
 PSYoungGen      total 617472K, used 25037K [0x00000000d5580000, 0x0000000100000000, 0x0000000100000000)
  eden space 536064K, 0% used [0x00000000d5580000,0x00000000d5580000,0x00000000f6100000)
  from space 81408K, 30% used [0x00000000f6100000,0x00000000f79737b0,0x00000000fb080000)
  to   space 77824K, 0% used [0x00000000fb400000,0x00000000fb400000,0x0000000100000000)
 ParOldGen       total 834048K, used 780417K [0x0000000080000000, 0x00000000b2e80000, 0x00000000d5580000)
  object space 834048K, 93% used [0x0000000080000000,0x00000000afa207a8,0x00000000b2e80000)
 Metaspace       used 37823K, capacity 38778K, committed 39040K, reserved 1085440K
  class space    used 3737K, capacity 3933K, committed 3968K, reserved 1048576K

