# JRE version: OpenJDK Runtime Environment (8.0_121-b13) (build 1.8.0_121-b13)
# Java VM: OpenJDK 64-Bit Server VM (25.121-b13 mixed mode linux-amd64 compressed oops)
Heap:
 PSYoungGen      total 611840K, used 0K [0x000000076ab00000, 0x000000079cb00000, 0x00000007c0000000)
  eden space 524800K, 0% used [0x000000076ab00000,0x000000076ab00000,0x000000078ab80000)
  from space 87040K, 0% used [0x000000078ab80000,0x000000078ab80000,0x0000000790080000)
  to   space 87040K, 0% used [0x0000000797600000,0x0000000797600000,0x000000079cb00000)
 ParOldGen       total 1398272K, used 401444K [0x00000006c0000000, 0x0000000715580000, 0x000000076ab00000)
  object space 1398272K, 28% used [0x00000006c0000000,0x00000006d8809050,0x0000000715580000)
 Metaspace       used 34833K, capacity 35338K, committed 35496K, reserved 1079296K
  class space    used 4822K, capacity 4996K, committed 5032K, reserved 1048576K
GC Heap History (9 events):
Event: 1.787 GC heap before
{Heap before GC invocations=1 (full 0):
 PSYoungGen      total 611840K, used 104961K [0x000000076ab00000, 0x0000000795580000, 0x00000007c0000000)
  eden space 524800K, 20% used [0x000000076ab00000,0x0000000771180410,0x000000078ab80000)
  from space 87040K, 0% used [0x0000000790080000,0x0000000790080000,0x0000000795580000)
  to   space 87040K, 0% used [0x000000078ab80000,0x000000078ab80000,0x0000000790080000)
 ParOldGen       total 1398272K, used 0K [0x00000006c0000000, 0x0000000715580000, 0x000000076ab00000)
  object space 1398272K, 0% used [0x00000006c0000000,0x00000006c0000000,0x0000000715580000)
 Metaspace       used 20802K, capacity 21038K, committed 21296K, reserved 1067008K
  class space    used 3619K, capacity 3693K, committed 3712K, reserved 1048576K
Event: 1.798 GC heap after
Heap after GC invocations=1 (full 0):
 PSYoungGen      total 611840K, used 8682K [0x000000076ab00000, 0x0000000795580000, 0x00000007c0000000)
  eden space 524800K, 0% used [0x000000076ab00000,0x000000076ab00000,0x000000078ab80000)
  from space 87040K, 9% used [0x000000078ab80000,0x000000078b3fab80,0x0000000790080000)
  to   space 87040K, 0% used [0x0000000790080000,0x0000000790080000,0x0000000795580000)
 ParOldGen       total 1398272K, used 16K [0x00000006c0000000, 0x0000000715580000, 0x000000076ab00000)
  object space 1398272K, 0% used [0x00000006c0000000,0x00000006c0004000,0x0000000715580000)
 Metaspace       used 20802K, capacity 21038K, committed 21296K, reserved 1067008K
  class space    used 3619K, capacity 3693K, committed 3712K, reserved 1048576K
}
Event: 1.798 GC heap before
{Heap before GC invocations=2 (full 1):
 PSYoungGen      total 611840K, used 8682K [0x000000076ab00000, 0x0000000795580000, 0x00000007c0000000)
  eden space 524800K, 0% used [0x000000076ab00000,0x000000076ab00000,0x000000078ab80000)
  from space 87040K, 9% used [0x000000078ab80000,0x000000078b3fab80,0x0000000790080000)
  to   space 87040K, 0% used [0x0000000790080000,0x0000000790080000,0x0000000795580000)
 ParOldGen       total 1398272K, used 16K [0x00000006c0000000, 0x0000000715580000, 0x000000076ab00000)
  object space 1398272K, 0% used [0x00000006c0000000,0x00000006c0004000,0x0000000715580000)
 Metaspace       used 20802K, capacity 21038K, committed 21296K, reserved 1067008K
  class space    used 3619K, capacity 3693K, committed 3712K, reserved 1048576K
Event: 1.840 GC heap after
Heap after GC invocations=2 (full 1):
 PSYoungGen      total 611840K, used 0K [0x000000076ab00000, 0x0000000795580000, 0x00000007c0000000)
  eden space 524800K, 0% used [0x000000076ab00000,0x000000076ab00000,0x000000078ab80000)
  from space 87040K, 0% used [0x000000078ab80000,0x000000078ab80000,0x0000000790080000)
  to   space 87040K, 0% used [0x0000000790080000,0x0000000790080000,0x0000000795580000)
 ParOldGen       total 1398272K, used 8417K [0x00000006c0000000, 0x0000000715580000, 0x000000076ab00000)
  object space 1398272K, 0% used [0x00000006c0000000,0x00000006c08386e0,0x0000000715580000)
 Metaspace       used 20802K, capacity 21038K, committed 21296K, reserved 1067008K
  class space    used 3619K, capacity 3693K, committed 3712K, reserved 1048576K
}
Event: 11.628 GC heap before
{Heap before GC invocations=3 (full 1):
 PSYoungGen      total 611840K, used 450940K [0x000000076ab00000, 0x0000000795580000, 0x00000007c0000000)
  eden space 524800K, 85% used [0x000000076ab00000,0x000000078635f078,0x000000078ab80000)
  from space 87040K, 0% used [0x000000078ab80000,0x000000078ab80000,0x0000000790080000)
  to   space 87040K, 0% used [0x0000000790080000,0x0000000790080000,0x0000000795580000)
 ParOldGen       total 1398272K, used 8417K [0x00000006c0000000, 0x0000000715580000, 0x000000076ab00000)
  object space 1398272K, 0% used [0x00000006c0000000,0x00000006c08386e0,0x0000000715580000)
 Metaspace       used 31494K, capacity 31962K, committed 32128K, reserved 1077248K
  class space    used 4523K, capacity 4638K, committed 4736K, reserved 1048576K
Event: 11.722 GC heap after
Heap after GC invocations=3 (full 1):
 PSYoungGen      total 611840K, used 87013K [0x000000076ab00000, 0x000000079d980000, 0x00000007c0000000)
  eden space 524800K, 0% used [0x000000076ab00000,0x000000076ab00000,0x000000078ab80000)
  from space 87040K, 99% used [0x0000000790080000,0x0000000795579500,0x0000000795580000)
  to   space 87040K, 0% used [0x000000078ab80000,0x000000078ab80000,0x0000000790080000)
 ParOldGen       total 1398272K, used 31333K [0x00000006c0000000, 0x0000000715580000, 0x000000076ab00000)
  object space 1398272K, 2% used [0x00000006c0000000,0x00000006c1e99768,0x0000000715580000)
 Metaspace       used 31494K, capacity 31962K, committed 32128K, reserved 1077248K
  class space    used 4523K, capacity 4638K, committed 4736K, reserved 1048576K
}
Event: 51.436 GC heap before
{Heap before GC invocations=4 (full 1):
 PSYoungGen      total 611840K, used 541883K [0x000000076ab00000, 0x000000079d980000, 0x00000007c0000000)
  eden space 524800K, 86% used [0x000000076ab00000,0x00000007867358e0,0x000000078ab80000)
  from space 87040K, 99% used [0x0000000790080000,0x0000000795579500,0x0000000795580000)
  to   space 87040K, 0% used [0x000000078ab80000,0x000000078ab80000,0x0000000790080000)
 ParOldGen       total 1398272K, used 31333K [0x00000006c0000000, 0x0000000715580000, 0x000000076ab00000)
  object space 1398272K, 2% used [0x00000006c0000000,0x00000006c1e99768,0x0000000715580000)
 Metaspace       used 34833K, capacity 35338K, committed 35496K, reserved 1079296K
  class space    used 4822K, capacity 4996K, committed 5032K, reserved 1048576K
Event: 51.612 GC heap after
Heap after GC invocations=4 (full 1):
 PSYoungGen      total 611840K, used 87027K [0x000000076ab00000, 0x000000079cb00000, 0x00000007c0000000)
  eden space 524800K, 0% used [0x000000076ab00000,0x000000076ab00000,0x000000078ab80000)
  from space 87040K, 99% used [0x000000078ab80000,0x000000079007cd78,0x0000000790080000)
  to   space 87040K, 0% used [0x0000000797600000,0x0000000797600000,0x000000079cb00000)
 ParOldGen       total 1398272K, used 322434K [0x00000006c0000000, 0x0000000715580000, 0x000000076ab00000)
  object space 1398272K, 23% used [0x00000006c0000000,0x00000006d3ae0ae8,0x0000000715580000)
 Metaspace       used 34833K, capacity 35338K, committed 35496K, reserved 1079296K
  class space    used 4822K, capacity 4996K, committed 5032K, reserved 1048576K
}
Event: 51.612 GC heap before
{Heap before GC invocations=5 (full 2):
 PSYoungGen      total 611840K, used 87027K [0x000000076ab00000, 0x000000079cb00000, 0x00000007c0000000)
  eden space 524800K, 0% used [0x000000076ab00000,0x000000076ab00000,0x000000078ab80000)
  from space 87040K, 99% used [0x000000078ab80000,0x000000079007cd78,0x0000000790080000)
  to   space 87040K, 0% used [0x0000000797600000,0x0000000797600000,0x000000079cb00000)
 ParOldGen       total 1398272K, used 322434K [0x00000006c0000000, 0x0000000715580000, 0x000000076ab00000)
  object space 1398272K, 23% used [0x00000006c0000000,0x00000006d3ae0ae8,0x0000000715580000)
 Metaspace       used 34833K, capacity 35338K, committed 35496K, reserved 1079296K
  class space    used 4822K, capacity 4996K, committed 5032K, reserved 1048576K

